This is pdfeTeX, Version 3.141592-1.30.6-2.2 (MiKTeX 2.5) (preloaded format=pdftex 2007.6.4)  9 NOV 2008 14:19
entering extended mode
**F:/texinfo/srcs/gnu/texinfo4.13/doc/texinfo.txi
(F:\texinfo\srcs\gnu\texinfo4.13\doc\texinfo.txi (texinfo.tex
Loading texinfo [version 2008-04-18.10]:
\bindingoffset=\dimen16
\normaloffset=\dimen17
\pagewidth=\dimen18
\pageheight=\dimen19
\outerhsize=\dimen20
\outervsize=\dimen21
\cornerlong=\dimen22
\cornerthick=\dimen23
\topandbottommargin=\dimen24
\headlinebox=\box16
\footlinebox=\box17
\margin=\insert252
\EMsimple=\toks12
\groupbox=\box18
\groupinvalidhelp=\toks13
\mil=\dimen25
\exdentamount=\skip18
\inmarginspacing=\skip19
 pdf,
\tempnum=\count26
\lnkcount=\count27
\filename=\toks14
\filenamelength=\count28
\pgn=\count29
\toksA=\toks15
\toksB=\toks16
\toksC=\toks17
\toksD=\toks18
\boxA=\box19
\countA=\count30
\nopdfimagehelp=\toks19
 fonts,
\sffam=\fam8
\textleading=\dimen26
\fontdepth=\count31
 page headings,
\titlepagetopglue=\skip20
\titlepagebottomglue=\skip21
\evenheadline=\toks20
\oddheadline=\toks21
\evenfootline=\toks22
\oddfootline=\toks23
 tables,
\tableindent=\dimen27
\itemindent=\dimen28
\itemmargin=\dimen29
\itemmax=\dimen30
\itemno=\count32
\multitableparskip=\skip22
\multitableparindent=\skip23
\multitablecolspace=\dimen31
\multitablelinespace=\skip24
\colcount=\count33
\everytab=\toks24

conditionals,
\doignorecount=\count34
 indexing,
\whatsitskip=\skip25
\whatsitpenalty=\count35
\secondaryindent=\skip26
\partialpage=\box20
\doublecolumnhsize=\dimen32
 sectioning,
\unnumberedno=\count36
\chapno=\count37
\secno=\count38
\subsecno=\count39
\subsubsecno=\count40
\appendixno=\count41
\absseclevel=\count42
\secbase=\count43
\chapheadingskip=\skip27
\secheadingskip=\skip28
\subsecheadingskip=\skip29
 toc,
\tocfile=\write0
\contentsrightmargin=\skip30
\savepageno=\count44
\lastnegativepageno=\count45
\tocindent=\dimen33
 environments,
\errorbox=\box21
\lispnarrowing=\skip31
\envskipamount=\skip32
\circthick=\dimen34
\cartouter=\dimen35
\cartinner=\dimen36
\normbskip=\skip33
\normpskip=\skip34
\normlskip=\skip35
\lskip=\skip36
\rskip=\skip37
\tabw=\dimen37
 defuns,
\defbodyindent=\skip38
\defargsindent=\skip39
\deflastargmargin=\skip40
\defunpenalty=\count46
\parencount=\count47
\brackcount=\count48
 macros,
\paramno=\count49
\macname=\toks25

cross references,
\auxfile=\write1
\savesfregister=\count50
 insertions,
\footnoteno=\count51
\SAVEfootins=\box22
\SAVEmargin=\box23
 (epsf.tex
This is `epsf.tex' v2.7.3 <23 July 2005>
\epsffilein=\read0
\epsfframemargin=\dimen38
\epsfframethickness=\dimen39
\epsfrsize=\dimen40
\epsftmp=\dimen41
\epsftsize=\dimen42
\epsfxsize=\dimen43
\epsfysize=\dimen44
\pspoints=\dimen45
)
\noepsfhelp=\toks26
 localization,
\nolanghelp=\toks27
\countUTFx=\count52
\countUTFy=\count53
\countUTFz=\count54
 formatting,
\defaultparindent=\dimen46
 and turning on texinfo input format.) (texinfo.aux)
@cpindfile=@write2
@fnindfile=@write3
@vrindfile=@write4
@tpindfile=@write5
@kyindfile=@write6
@pgindfile=@write7
(version.texi)
@opindfile=@write8
 [1{psfonts.map}] [2] [3] [4] (texinfo.toc) [-1] (texinfo.toc
[-2] [-3] [-4] [-5] [-6] [-7] [-8]) [-9] (texinfo.toc) (texinfo.toc)
(Texinfo Copying Conditions) [1] Chapter 1 [2] [3] [4] [5] [6] [7] [8] [9]
[10] [11] [12] [13] Chapter 2 [14] [15] [16] [17] [18] [19] [20] [21] [22]
[23] [24] [25] Chapter 3 [26] [27] [28] [29] [30] [31] [32] [33] [34] [35]
[36] [37] [38] [39] [40] [41] [42] Chapter 4 [43] [44] Chapter 5 [45] [46]
[47] [48] [49] [50] Chapter 6 [51] [52] [53] [54] [55] [56] [57] [58]
Chapter 7 [59] [60] [61] [62] Chapter 8 [63] [64] [65] [66] [67] [68] [69]
[70] [71] [72] Chapter 9 [73] [74] [75] [76] [77] [78] [79] [80] [81] [82]
[83] [84] [85] Chapter 10 [86] [87] [88] [89] [90] [91] [92] [93] [94]
Chapter 11 [95] [96] [97] [98] [99] [100] [101] [102] Chapter 12 [103]
@Figurefloatno=@count55
 [104]
[105] [106] [107] [108] Chapter 13 [109] [110] [111] [112] [113] Chapter 14
[114] [115] [116] [117] [118] [119] [120] [121] [122] [123] [124] [125]
[126] [127] Chapter 15 [128] [129] [130] [131] Chapter 16 [132] [133] [134]
[135] [136] [137] [138] [139] [140] [141] [142] [143] [144] Chapter 17 [145]
[146] [147] [148] [149] [150] [151] Chapter 18 [152] [153] Chapter 19 [154]
[155] [156] [157] [158] [159] [160] Chapter 20 [161] [162] [163] [164] [165]
[166] [167] [168] [169] [170] [171] [172] [173] Chapter 21 [174] [175] [176]
[177] [178] [179] [180] [181] [182] [183] [184] [185] [186] [187] [188]
[189] Chapter 22 [190] [191] [192] [193] [194] [195] [196] [197] Appendix A
[198] [199] [200] [201] [202] [203] [204] [205] [206] [207] [208] [209]
[210] [211] [212] [213] [214] [215] [216] [217] [218] Appendix B [219] [220]
[221] [222] [223] Appendix C [224] [225] [226] [227] [228] [229] Appendix D
[230] [231] [232] [233] Appendix E [234] [235] [236] [237] [238] Appendix F
[239] [240] [241] [242] [243] [244] [245] Appendix G [246] (fdl.texi [247]
[248] [249] [250] [251] [252]) (Command and Variable Index) [253] (texinfo.fns
[254] [255] [256] [257]) (General Index) [258] (texinfo.cps [259] [260]
[261] [262] [263] [264] [265] [266] [267] [268]) [269] ) 
Here is how much of TeX's memory you used:
 3722 strings out of 97696
 49740 string characters out of 1213645
 121119 words of memory out of 1144853
 4001 multiletter control sequences out of 60000
 33895 words of font info for 116 fonts, out of 1000000 for 2000
 51 hyphenation exceptions out of 8191
 14i,10n,17p,322b,1250s stack positions out of 5000i,500n,10000p,200000b,32768s
PDF statistics:
 5355 PDF objects out of 300000
 609 named destinations out of 300000
 2653 words of extra memory for PDF output out of 10000
 <C:\Dokumente und Eins
tellungen\All Users\Anwendungsdaten\MiKTeX\2.5\fonts\pk\ljfour\jknappen\ec\dpi6
00\ecrm0900.pk><C:/Programme/MiKTeX 2.5/fonts/type1/bluesky/cm/cmmi9.pfb><C:/Pr
ogramme/MiKTeX 2.5/fonts/type1/bluesky/cm/cmex10.pfb><C:/Programme/MiKTeX 2.5/f
onts/type1/bluesky/cm/cmmi7.pfb><C:/Programme/MiKTeX 2.5/fonts/type1/bluesky/cm
/cmbxti10.pfb>
Warning:  (file ecrm1095): Font ecrm1095 at 603 not found
<C:/Programme/MiKTeX 2.5/fonts/type1/bluesky/cm/lcircle1.pfb><C:/Programme/MiKT
eX 2.5/fonts/type1/bluesky/cm/cmcsc10.pfb><C:/Programme/MiKTeX 2.5/fonts/type1/
bluesky/cm/cmbxsl10.pfb><C:/Programme/MiKTeX 2.5/fonts/type1/bluesky/cm/cmti9.p
fb><C:/Programme/MiKTeX 2.5/fonts/type1/bluesky/cm/cmsl9.pfb><C:/Programme/MiKT
eX 2.5/fonts/type1/bluesky/cm/cmb10.pfb><C:/Programme/MiKTeX 2.5/fonts/type1/bl
uesky/cm/cmtt9.pfb><C:/Programme/MiKTeX 2.5/fonts/type1/bluesky/cm/cmr9.pfb><C:
/Programme/MiKTeX 2.5/fonts/type1/bluesky/cm/cmr7.pfb><C:/Programme/MiKTeX 2.5/
fonts/type1/bluesky/cm/cmss10.pfb><C:/Programme/MiKTeX 2.5/fonts/type1/bluesky/
cm/cmsy7.pfb><C:/Programme/MiKTeX 2.5/fonts/type1/bluesky/cm/cmti10.pfb><C:/Pro
gramme/MiKTeX 2.5/fonts/type1/public/eurosym/feymr10.pfb><C:/Programme/MiKTeX 2
.5/fonts/type1/bluesky/cm/cmr8.pfb><C:/Programme/MiKTeX 2.5/fonts/type1/bluesky
/cm/cmsl10.pfb><C:/Programme/MiKTeX 2.5/fonts/type1/bluesky/cm/cmsltt10.pfb><C:
/Programme/MiKTeX 2.5/fonts/type1/bluesky/cm/cmtt10.pfb><C:/Programme/MiKTeX 2.
5/fonts/type1/bluesky/cm/cmmi10.pfb><C:/Programme/MiKTeX 2.5/fonts/type1/bluesk
y/cm/cmtt12.pfb><C:/Programme/MiKTeX 2.5/fonts/type1/bluesky/cm/cmmi12.pfb><C:/
Programme/MiKTeX 2.5/fonts/type1/bluesky/cm/cmr12.pfb><C:/Programme/MiKTeX 2.5/
fonts/type1/bluesky/cm/cmsy10.pfb><C:/Programme/MiKTeX 2.5/fonts/type1/bluesky/
cm/cmr10.pfb><C:/Programme/MiKTeX 2.5/fonts/type1/bluesky/cm/cmbx12.pfb>
Output written on texinfo.pdf (282 pages, 1724146 bytes).
